{
  "RSpec": {
    "coverage": {
      "/Users/stuart_pethurst/ohana_site/app/helpers/admin/contacts_helper.rb": {
        "lines": [
          1,
          null
        ],
        "branches": {}
      },
      "/Users/stuart_pethurst/ohana_site/app/helpers/application_helper.rb": {
        "lines": [
          1,
          null
        ],
        "branches": {}
      },
      "/Users/stuart_pethurst/ohana_site/app/helpers/contacts_helper.rb": {
        "lines": [
          1,
          null
        ],
        "branches": {}
      },
      "/Users/stuart_pethurst/ohana_site/app/helpers/pages_helper.rb": {
        "lines": [
          1,
          null
        ],
        "branches": {}
      },
      "/Users/stuart_pethurst/ohana_site/app/mailers/contact_mailer.rb": {
        "lines": [
          1,
          1,
          0,
          0,
          0,
          null,
          0,
          null,
          null,
          null,
          null,
          null
        ],
        "branches": {}
      },
      "/Users/stuart_pethurst/ohana_site/app/mailers/application_mailer.rb": {
        "lines": [
          1,
          1,
          1,
          null
        ],
        "branches": {}
      },
      "/Users/stuart_pethurst/ohana_site/app/models/contact.rb": {
        "lines": [
          1,
          null
        ],
        "branches": {}
      },
      "/Users/stuart_pethurst/ohana_site/app/models/application_record.rb": {
        "lines": [
          1,
          1,
          null
        ],
        "branches": {}
      },
      "/Users/stuart_pethurst/ohana_site/app/models/site_visit.rb": {
        "lines": [
          1,
          null
        ],
        "branches": {}
      },
      "/Users/stuart_pethurst/ohana_site/app/controllers/pages_controller.rb": {
        "lines": [
          1,
          1,
          null,
          null,
          1,
          null,
          1,
          2,
          null,
          null,
          null
        ],
        "branches": {}
      },
      "/Users/stuart_pethurst/ohana_site/app/controllers/application_controller.rb": {
        "lines": [
          1,
          1,
          null,
          1,
          null,
          1,
          7,
          null,
          6,
          null,
          6,
          null,
          null,
          null,
          null,
          null,
          null,
          null,
          1,
          null
        ],
        "branches": {
          "[:unless, 0, 7, 4, 7, 30]": {
            "[:else, 1, 7, 4, 7, 30]": 6,
            "[:then, 2, 7, 4, 7, 10]": 1
          }
        }
      },
      "/Users/stuart_pethurst/ohana_site/app/controllers/admin/contacts_controller.rb": {
        "lines": [
          1,
          1,
          null,
          1,
          1,
          null,
          null,
          1,
          null,
          1,
          1,
          1,
          null,
          null,
          null
        ],
        "branches": {}
      },
      "/Users/stuart_pethurst/ohana_site/app/controllers/contacts_controller.rb": {
        "lines": [
          1,
          1,
          null,
          1,
          null,
          1,
          null,
          1,
          1,
          1,
          null,
          0,
          0,
          null,
          null,
          null,
          1,
          1,
          null,
          0,
          null,
          null,
          null,
          1,
          null,
          1,
          1,
          null,
          null
        ],
        "branches": {
          "[:if, 0, 8, 4, 14, 7]": {
            "[:then, 1, 9, 6, 10, 61]": 1,
            "[:else, 2, 12, 6, 13, 28]": 0
          },
          "[:if, 3, 18, 4, 18, 52]": {
            "[:then, 4, 18, 4, 18, 10]": 1,
            "[:else, 5, 18, 4, 18, 52]": 0
          }
        }
      },
      "/Users/stuart_pethurst/ohana_site/app/channels/application_cable/channel.rb": {
        "lines": [
          0,
          0,
          0,
          0
        ],
        "branches": {}
      },
      "/Users/stuart_pethurst/ohana_site/app/channels/application_cable/connection.rb": {
        "lines": [
          0,
          0,
          0,
          0
        ],
        "branches": {}
      },
      "/Users/stuart_pethurst/ohana_site/app/jobs/application_job.rb": {
        "lines": [
          0,
          null,
          null,
          null,
          null,
          null,
          0
        ],
        "branches": {}
      }
    },
    "timestamp": 1748701448
  }
}
